[2020-08-20 21:59:48] live.ERROR: SQLSTATE[HY000]: General error: 1215 Cannot add foreign key constraint (SQL: alter table `business` add constraint `business_owner_id_foreign` foreign key (`owner_id`) references `users` (`id`) on delete cascade) {"exception":"[object] (Illuminate\\Database\\QueryException(code: HY000): SQLSTATE[HY000]: General error: 1215 Cannot add foreign key constraint (SQL: alter table `business` add constraint `business_owner_id_foreign` foreign key (`owner_id`) references `users` (`id`) on delete cascade) at E:\\wamp64\\www\\CUSTOMERS\\HangTekERP_V3\\vendor\\laravel\\framework\\src\\Illuminate\\Database\\Connection.php:664, PDOException(code: HY000): SQLSTATE[HY000]: General error: 1215 Cannot add foreign key constraint at E:\\wamp64\\www\\CUSTOMERS\\HangTekERP_V3\\vendor\\laravel\\framework\\src\\Illuminate\\Database\\Connection.php:458)
[stacktrace]
#0 E:\\wamp64\\www\\CUSTOMERS\\HangTekERP_V3\\vendor\\laravel\\framework\\src\\Illuminate\\Database\\Connection.php(624): Illuminate\\Database\\Connection->runQueryCallback('alter table `bu...', Array, Object(Closure))
#1 E:\\wamp64\\www\\CUSTOMERS\\HangTekERP_V3\\vendor\\laravel\\framework\\src\\Illuminate\\Database\\Connection.php(459): Illuminate\\Database\\Connection->run('alter table `bu...', Array, Object(Closure))
#2 E:\\wamp64\\www\\CUSTOMERS\\HangTekERP_V3\\vendor\\laravel\\framework\\src\\Illuminate\\Database\\Schema\\Blueprint.php(97): Illuminate\\Database\\Connection->statement('alter table `bu...')
#3 E:\\wamp64\\www\\CUSTOMERS\\HangTekERP_V3\\vendor\\laravel\\framework\\src\\Illuminate\\Database\\Schema\\Builder.php(278): Illuminate\\Database\\Schema\\Blueprint->build(Object(Illuminate\\Database\\MySqlConnection), Object(Illuminate\\Database\\Schema\\Grammars\\MySqlGrammar))
#4 E:\\wamp64\\www\\CUSTOMERS\\HangTekERP_V3\\vendor\\laravel\\framework\\src\\Illuminate\\Database\\Schema\\Builder.php(167): Illuminate\\Database\\Schema\\Builder->build(Object(Illuminate\\Database\\Schema\\Blueprint))
#5 E:\\wamp64\\www\\CUSTOMERS\\HangTekERP_V3\\vendor\\laravel\\framework\\src\\Illuminate\\Support\\Facades\\Facade.php(239): Illuminate\\Database\\Schema\\Builder->create('business', Object(Closure))
#6 E:\\wamp64\\www\\CUSTOMERS\\HangTekERP_V3\\database\\migrations\\2017_07_05_073658_create_business_table.php(40): Illuminate\\Support\\Facades\\Facade::__callStatic('create', Array)
#7 E:\\wamp64\\www\\CUSTOMERS\\HangTekERP_V3\\vendor\\laravel\\framework\\src\\Illuminate\\Database\\Migrations\\Migrator.php(387): CreateBusinessTable->up()
#8 E:\\wamp64\\www\\CUSTOMERS\\HangTekERP_V3\\vendor\\laravel\\framework\\src\\Illuminate\\Database\\Migrations\\Migrator.php(396): Illuminate\\Database\\Migrations\\Migrator->Illuminate\\Database\\Migrations\\{closure}()
#9 E:\\wamp64\\www\\CUSTOMERS\\HangTekERP_V3\\vendor\\laravel\\framework\\src\\Illuminate\\Database\\Migrations\\Migrator.php(197): Illuminate\\Database\\Migrations\\Migrator->runMigration(Object(CreateBusinessTable), 'up')
#10 E:\\wamp64\\www\\CUSTOMERS\\HangTekERP_V3\\vendor\\laravel\\framework\\src\\Illuminate\\Database\\Migrations\\Migrator.php(162): Illuminate\\Database\\Migrations\\Migrator->runUp('E:\\\\wamp64\\\\www\\\\C...', 1, false)
#11 E:\\wamp64\\www\\CUSTOMERS\\HangTekERP_V3\\vendor\\laravel\\framework\\src\\Illuminate\\Database\\Migrations\\Migrator.php(109): Illuminate\\Database\\Migrations\\Migrator->runPending(Array, Array)
#12 E:\\wamp64\\www\\CUSTOMERS\\HangTekERP_V3\\vendor\\laravel\\framework\\src\\Illuminate\\Database\\Console\\Migrations\\MigrateCommand.php(71): Illuminate\\Database\\Migrations\\Migrator->run(Array, Array)
#13 [internal function]: Illuminate\\Database\\Console\\Migrations\\MigrateCommand->handle()
#14 E:\\wamp64\\www\\CUSTOMERS\\HangTekERP_V3\\vendor\\laravel\\framework\\src\\Illuminate\\Container\\BoundMethod.php(32): call_user_func_array(Array, Array)
#15 E:\\wamp64\\www\\CUSTOMERS\\HangTekERP_V3\\vendor\\laravel\\framework\\src\\Illuminate\\Container\\BoundMethod.php(90): Illuminate\\Container\\BoundMethod::Illuminate\\Container\\{closure}()
#16 E:\\wamp64\\www\\CUSTOMERS\\HangTekERP_V3\\vendor\\laravel\\framework\\src\\Illuminate\\Container\\BoundMethod.php(34): Illuminate\\Container\\BoundMethod::callBoundMethod(Object(Illuminate\\Foundation\\Application), Array, Object(Closure))
#17 E:\\wamp64\\www\\CUSTOMERS\\HangTekERP_V3\\vendor\\laravel\\framework\\src\\Illuminate\\Container\\Container.php(576): Illuminate\\Container\\BoundMethod::call(Object(Illuminate\\Foundation\\Application), Array, Array, NULL)
#18 E:\\wamp64\\www\\CUSTOMERS\\HangTekERP_V3\\vendor\\laravel\\framework\\src\\Illuminate\\Console\\Command.php(183): Illuminate\\Container\\Container->call(Array)
#19 E:\\wamp64\\www\\CUSTOMERS\\HangTekERP_V3\\vendor\\symfony\\console\\Command\\Command.php(255): Illuminate\\Console\\Command->execute(Object(Symfony\\Component\\Console\\Input\\ArgvInput), Object(Illuminate\\Console\\OutputStyle))
#20 E:\\wamp64\\www\\CUSTOMERS\\HangTekERP_V3\\vendor\\laravel\\framework\\src\\Illuminate\\Console\\Command.php(170): Symfony\\Component\\Console\\Command\\Command->run(Object(Symfony\\Component\\Console\\Input\\ArgvInput), Object(Illuminate\\Console\\OutputStyle))
#21 E:\\wamp64\\www\\CUSTOMERS\\HangTekERP_V3\\vendor\\symfony\\console\\Application.php(1001): Illuminate\\Console\\Command->run(Object(Symfony\\Component\\Console\\Input\\ArgvInput), Object(Symfony\\Component\\Console\\Output\\ConsoleOutput))
#22 E:\\wamp64\\www\\CUSTOMERS\\HangTekERP_V3\\vendor\\symfony\\console\\Application.php(271): Symfony\\Component\\Console\\Application->doRunCommand(Object(Illuminate\\Database\\Console\\Migrations\\MigrateCommand), Object(Symfony\\Component\\Console\\Input\\ArgvInput), Object(Symfony\\Component\\Console\\Output\\ConsoleOutput))
#23 E:\\wamp64\\www\\CUSTOMERS\\HangTekERP_V3\\vendor\\symfony\\console\\Application.php(147): Symfony\\Component\\Console\\Application->doRun(Object(Symfony\\Component\\Console\\Input\\ArgvInput), Object(Symfony\\Component\\Console\\Output\\ConsoleOutput))
#24 E:\\wamp64\\www\\CUSTOMERS\\HangTekERP_V3\\vendor\\laravel\\framework\\src\\Illuminate\\Console\\Application.php(90): Symfony\\Component\\Console\\Application->run(Object(Symfony\\Component\\Console\\Input\\ArgvInput), Object(Symfony\\Component\\Console\\Output\\ConsoleOutput))
#25 E:\\wamp64\\www\\CUSTOMERS\\HangTekERP_V3\\vendor\\laravel\\framework\\src\\Illuminate\\Foundation\\Console\\Kernel.php(133): Illuminate\\Console\\Application->run(Object(Symfony\\Component\\Console\\Input\\ArgvInput), Object(Symfony\\Component\\Console\\Output\\ConsoleOutput))
#26 E:\\wamp64\\www\\CUSTOMERS\\HangTekERP_V3\\artisan(35): Illuminate\\Foundation\\Console\\Kernel->handle(Object(Symfony\\Component\\Console\\Input\\ArgvInput), Object(Symfony\\Component\\Console\\Output\\ConsoleOutput))
#27 {main}
"} 
[2020-08-20 22:00:54] live.ERROR: SQLSTATE[42S01]: Base table or view already exists: 1050 Table 'business' already exists (SQL: create table `business` (`id` int unsigned not null auto_increment primary key, `name` varchar(191) not null, `currency_id` int unsigned not null, `start_date` date null, `tax_number_1` varchar(100) not null, `tax_label_1` varchar(10) not null, `tax_number_2` varchar(100) null, `tax_label_2` varchar(10) null, `default_profit_percent` double(5, 2) not null default '0', `owner_id` int unsigned not null, `time_zone` varchar(191) not null default 'Asia/Kolkata', `fy_start_month` tinyint not null default '1', `accounting_method` enum('fifo', 'lifo', 'avco') not null default 'fifo', `default_sales_discount` decimal(5, 2) null, `sell_price_tax` enum('includes', 'excludes') not null default 'includes', `logo` varchar(191) null, `sku_prefix` varchar(191) null, `enable_tooltip` tinyint(1) not null default '1', `created_at` timestamp null, `updated_at` timestamp null) default character set utf8mb4 collate 'utf8mb4_unicode_ci' engine = InnoDB) {"exception":"[object] (Illuminate\\Database\\QueryException(code: 42S01): SQLSTATE[42S01]: Base table or view already exists: 1050 Table 'business' already exists (SQL: create table `business` (`id` int unsigned not null auto_increment primary key, `name` varchar(191) not null, `currency_id` int unsigned not null, `start_date` date null, `tax_number_1` varchar(100) not null, `tax_label_1` varchar(10) not null, `tax_number_2` varchar(100) null, `tax_label_2` varchar(10) null, `default_profit_percent` double(5, 2) not null default '0', `owner_id` int unsigned not null, `time_zone` varchar(191) not null default 'Asia/Kolkata', `fy_start_month` tinyint not null default '1', `accounting_method` enum('fifo', 'lifo', 'avco') not null default 'fifo', `default_sales_discount` decimal(5, 2) null, `sell_price_tax` enum('includes', 'excludes') not null default 'includes', `logo` varchar(191) null, `sku_prefix` varchar(191) null, `enable_tooltip` tinyint(1) not null default '1', `created_at` timestamp null, `updated_at` timestamp null) default character set utf8mb4 collate 'utf8mb4_unicode_ci' engine = InnoDB) at E:\\wamp64\\www\\CUSTOMERS\\HangTekERP_V3\\vendor\\laravel\\framework\\src\\Illuminate\\Database\\Connection.php:664, PDOException(code: 42S01): SQLSTATE[42S01]: Base table or view already exists: 1050 Table 'business' already exists at E:\\wamp64\\www\\CUSTOMERS\\HangTekERP_V3\\vendor\\laravel\\framework\\src\\Illuminate\\Database\\Connection.php:458)
[stacktrace]
#0 E:\\wamp64\\www\\CUSTOMERS\\HangTekERP_V3\\vendor\\laravel\\framework\\src\\Illuminate\\Database\\Connection.php(624): Illuminate\\Database\\Connection->runQueryCallback('create table `b...', Array, Object(Closure))
#1 E:\\wamp64\\www\\CUSTOMERS\\HangTekERP_V3\\vendor\\laravel\\framework\\src\\Illuminate\\Database\\Connection.php(459): Illuminate\\Database\\Connection->run('create table `b...', Array, Object(Closure))
#2 E:\\wamp64\\www\\CUSTOMERS\\HangTekERP_V3\\vendor\\laravel\\framework\\src\\Illuminate\\Database\\Schema\\Blueprint.php(97): Illuminate\\Database\\Connection->statement('create table `b...')
#3 E:\\wamp64\\www\\CUSTOMERS\\HangTekERP_V3\\vendor\\laravel\\framework\\src\\Illuminate\\Database\\Schema\\Builder.php(278): Illuminate\\Database\\Schema\\Blueprint->build(Object(Illuminate\\Database\\MySqlConnection), Object(Illuminate\\Database\\Schema\\Grammars\\MySqlGrammar))
#4 E:\\wamp64\\www\\CUSTOMERS\\HangTekERP_V3\\vendor\\laravel\\framework\\src\\Illuminate\\Database\\Schema\\Builder.php(167): Illuminate\\Database\\Schema\\Builder->build(Object(Illuminate\\Database\\Schema\\Blueprint))
#5 E:\\wamp64\\www\\CUSTOMERS\\HangTekERP_V3\\vendor\\laravel\\framework\\src\\Illuminate\\Support\\Facades\\Facade.php(239): Illuminate\\Database\\Schema\\Builder->create('business', Object(Closure))
#6 E:\\wamp64\\www\\CUSTOMERS\\HangTekERP_V3\\database\\migrations\\2017_07_05_073658_create_business_table.php(40): Illuminate\\Support\\Facades\\Facade::__callStatic('create', Array)
#7 E:\\wamp64\\www\\CUSTOMERS\\HangTekERP_V3\\vendor\\laravel\\framework\\src\\Illuminate\\Database\\Migrations\\Migrator.php(387): CreateBusinessTable->up()
#8 E:\\wamp64\\www\\CUSTOMERS\\HangTekERP_V3\\vendor\\laravel\\framework\\src\\Illuminate\\Database\\Migrations\\Migrator.php(396): Illuminate\\Database\\Migrations\\Migrator->Illuminate\\Database\\Migrations\\{closure}()
#9 E:\\wamp64\\www\\CUSTOMERS\\HangTekERP_V3\\vendor\\laravel\\framework\\src\\Illuminate\\Database\\Migrations\\Migrator.php(197): Illuminate\\Database\\Migrations\\Migrator->runMigration(Object(CreateBusinessTable), 'up')
#10 E:\\wamp64\\www\\CUSTOMERS\\HangTekERP_V3\\vendor\\laravel\\framework\\src\\Illuminate\\Database\\Migrations\\Migrator.php(162): Illuminate\\Database\\Migrations\\Migrator->runUp('E:\\\\wamp64\\\\www\\\\C...', 2, false)
#11 E:\\wamp64\\www\\CUSTOMERS\\HangTekERP_V3\\vendor\\laravel\\framework\\src\\Illuminate\\Database\\Migrations\\Migrator.php(109): Illuminate\\Database\\Migrations\\Migrator->runPending(Array, Array)
#12 E:\\wamp64\\www\\CUSTOMERS\\HangTekERP_V3\\vendor\\laravel\\framework\\src\\Illuminate\\Database\\Console\\Migrations\\MigrateCommand.php(71): Illuminate\\Database\\Migrations\\Migrator->run(Array, Array)
#13 [internal function]: Illuminate\\Database\\Console\\Migrations\\MigrateCommand->handle()
#14 E:\\wamp64\\www\\CUSTOMERS\\HangTekERP_V3\\vendor\\laravel\\framework\\src\\Illuminate\\Container\\BoundMethod.php(32): call_user_func_array(Array, Array)
#15 E:\\wamp64\\www\\CUSTOMERS\\HangTekERP_V3\\vendor\\laravel\\framework\\src\\Illuminate\\Container\\BoundMethod.php(90): Illuminate\\Container\\BoundMethod::Illuminate\\Container\\{closure}()
#16 E:\\wamp64\\www\\CUSTOMERS\\HangTekERP_V3\\vendor\\laravel\\framework\\src\\Illuminate\\Container\\BoundMethod.php(34): Illuminate\\Container\\BoundMethod::callBoundMethod(Object(Illuminate\\Foundation\\Application), Array, Object(Closure))
#17 E:\\wamp64\\www\\CUSTOMERS\\HangTekERP_V3\\vendor\\laravel\\framework\\src\\Illuminate\\Container\\Container.php(576): Illuminate\\Container\\BoundMethod::call(Object(Illuminate\\Foundation\\Application), Array, Array, NULL)
#18 E:\\wamp64\\www\\CUSTOMERS\\HangTekERP_V3\\vendor\\laravel\\framework\\src\\Illuminate\\Console\\Command.php(183): Illuminate\\Container\\Container->call(Array)
#19 E:\\wamp64\\www\\CUSTOMERS\\HangTekERP_V3\\vendor\\symfony\\console\\Command\\Command.php(255): Illuminate\\Console\\Command->execute(Object(Symfony\\Component\\Console\\Input\\ArgvInput), Object(Illuminate\\Console\\OutputStyle))
#20 E:\\wamp64\\www\\CUSTOMERS\\HangTekERP_V3\\vendor\\laravel\\framework\\src\\Illuminate\\Console\\Command.php(170): Symfony\\Component\\Console\\Command\\Command->run(Object(Symfony\\Component\\Console\\Input\\ArgvInput), Object(Illuminate\\Console\\OutputStyle))
#21 E:\\wamp64\\www\\CUSTOMERS\\HangTekERP_V3\\vendor\\symfony\\console\\Application.php(1001): Illuminate\\Console\\Command->run(Object(Symfony\\Component\\Console\\Input\\ArgvInput), Object(Symfony\\Component\\Console\\Output\\ConsoleOutput))
#22 E:\\wamp64\\www\\CUSTOMERS\\HangTekERP_V3\\vendor\\symfony\\console\\Application.php(271): Symfony\\Component\\Console\\Application->doRunCommand(Object(Illuminate\\Database\\Console\\Migrations\\MigrateCommand), Object(Symfony\\Component\\Console\\Input\\ArgvInput), Object(Symfony\\Component\\Console\\Output\\ConsoleOutput))
#23 E:\\wamp64\\www\\CUSTOMERS\\HangTekERP_V3\\vendor\\symfony\\console\\Application.php(147): Symfony\\Component\\Console\\Application->doRun(Object(Symfony\\Component\\Console\\Input\\ArgvInput), Object(Symfony\\Component\\Console\\Output\\ConsoleOutput))
#24 E:\\wamp64\\www\\CUSTOMERS\\HangTekERP_V3\\vendor\\laravel\\framework\\src\\Illuminate\\Console\\Application.php(90): Symfony\\Component\\Console\\Application->run(Object(Symfony\\Component\\Console\\Input\\ArgvInput), Object(Symfony\\Component\\Console\\Output\\ConsoleOutput))
#25 E:\\wamp64\\www\\CUSTOMERS\\HangTekERP_V3\\vendor\\laravel\\framework\\src\\Illuminate\\Foundation\\Console\\Kernel.php(133): Illuminate\\Console\\Application->run(Object(Symfony\\Component\\Console\\Input\\ArgvInput), Object(Symfony\\Component\\Console\\Output\\ConsoleOutput))
#26 E:\\wamp64\\www\\CUSTOMERS\\HangTekERP_V3\\artisan(35): Illuminate\\Foundation\\Console\\Kernel->handle(Object(Symfony\\Component\\Console\\Input\\ArgvInput), Object(Symfony\\Component\\Console\\Output\\ConsoleOutput))
#27 {main}
"} 
